<?xml version="1.0" encoding="UTF-8"?>
<testsuite xmlns:xsi="http://www.w3.org/2001/XMLSchema-instance" xsi:noNamespaceSchemaLocation="https://maven.apache.org/surefire/maven-surefire-plugin/xsd/surefire-test-report.xsd" version="3.0.2" name="com.omrbranch.runner.TestRunner" time="3.82" tests="15" errors="0" skipped="0" failures="0" flakes="0">
  <properties>
[...]
</properties>
  <testcase name="User is on the OMR Branch hotel page" classname="com.omrbranch.runner.TestRunner" time="0.01">
    <system-out><![CDATA[
@Login
Scenario Outline: Verify login with valid credentials without Enter Key   &amp#27;[90m# src/test/resources/features/TC001_Login.feature:15&amp#27;[0m
]]></system-out>
  </testcase>
  <testcase name="User is on the OMR Branch hotel page" classname="com.omrbranch.runner.TestRunner" time="0.002">
    <system-out><![CDATA[  &amp#27;[32mThen &amp#27;[0m&amp#27;[32mUser should verify success message after login &amp#27;[0m&amp#27;[32m&amp#27;[1m"Welcome Naveenraj"&amp#27;[0m &amp#27;[90m# com.omrbranch.stepdefinition.TC001_LoginStep.userShouldVerifySuccessMessageAfterLogin(java.lang.String)&amp#27;[0m

@Login
Scenario Outline: Verify login with valid credentials using Enter Key via Keyboard &amp#27;[90m# src/test/resources/features/TC001_Login.feature:24&amp#27;[0m
]]></system-out>
  </testcase>
  <testcase name="User is on the OMR Branch hotel page" classname="com.omrbranch.runner.TestRunner" time="0.0">
    <system-out><![CDATA[  &amp#27;[32mThen &amp#27;[0m&amp#27;[32mUser should verify success message after login &amp#27;[0m&amp#27;[32m&amp#27;[1m"Welcome Naveenraj"&amp#27;[0m          &amp#27;[90m# com.omrbranch.stepdefinition.TC001_LoginStep.userShouldVerifySuccessMessageAfterLogin(java.lang.String)&amp#27;[0m

@Login
Scenario Outline: Verify login with invalid credentials                                                          &amp#27;[90m# src/test/resources/features/TC001_Login.feature:33&amp#27;[0m
]]></system-out>
  </testcase>
  <testcase name="User is on the OMR Branch hotel page" classname="com.omrbranch.runner.TestRunner" time="0.001">
    <system-out><![CDATA[  &amp#27;[32mThen &amp#27;[0m&amp#27;[32mUser should verify error message after login &amp#27;[0m&amp#27;[32m&amp#27;[1m"Invalid Login details or Your Password might have expired."&amp#27;[0m &amp#27;[90m# com.omrbranch.stepdefinition.TC001_LoginStep.userShouldVerifyErrorMessageAfterLogin(java.lang.String)&amp#27;[0m

@TC_003 @SelectHotel
Scenario: Verify select last hotel and navigate to Book Hotel page                                              &amp#27;[90m# src/test/resources/features/TC003_SelectHotel.feature:13&amp#27;[0m
]]></system-out>
  </testcase>
  <testcase name="User is on the OMR Branch hotel page" classname="com.omrbranch.runner.TestRunner" time="0.002">
    <system-out><![CDATA[  &amp#27;[32mThen &amp#27;[0m&amp#27;[32mUser should verify after select success message &amp#27;[0m&amp#27;[32m&amp#27;[1m"Book Hotel"&amp#27;[0m                                             &amp#27;[90m# com.omrbranch.stepdefinition.TC003_SelectHotelStep.userShouldVerifyAfterSelectSuccessMessage(java.lang.String)&amp#27;[0m

@TC_003 @SelectHotel
Scenario: Verify select second from last hotel and navigate to Book Hotel page                                  &amp#27;[90m# src/test/resources/features/TC003_SelectHotel.feature:18&amp#27;[0m
]]></system-out>
  </testcase>
  <testcase name="User is on the OMR Branch hotel page" classname="com.omrbranch.runner.TestRunner" time="0.002">
    <system-out><![CDATA[  &amp#27;[32mThen &amp#27;[0m&amp#27;[32mUser should verify after select success message &amp#27;[0m&amp#27;[32m&amp#27;[1m"Book Hotel"&amp#27;[0m                                             &amp#27;[90m# com.omrbranch.stepdefinition.TC003_SelectHotelStep.userShouldVerifyAfterSelectSuccessMessage(java.lang.String)&amp#27;[0m

@TC_003 @SelectHotel
Scenario: Verify select second hotel and dismiss the alert                                                      &amp#27;[90m# src/test/resources/features/TC003_SelectHotel.feature:23&amp#27;[0m
]]></system-out>
  </testcase>
  <testcase name="User enters &quot;ash.naveen.kv@gmail.com&quot; and &quot;Naveen90!&quot;" classname="com.omrbranch.runner.TestRunner" time="0.002">
    <system-out><![CDATA[  &amp#27;[32mGiven &amp#27;[0m&amp#27;[32mUser is on the OMR Branch hotel page&amp#27;[0m                              &amp#27;[90m# com.omrbranch.stepdefinition.TC001_LoginStep.userIsOnTheOMRBranchHotelPage()&amp#27;[0m
]]></system-out>
  </testcase>
  <testcase name="User enters &quot;ash.naveen.kv@gmail.com&quot; and &quot;Naveen90!&quot;" classname="com.omrbranch.runner.TestRunner" time="0.001">
    <system-out><![CDATA[  &amp#27;[32mGiven &amp#27;[0m&amp#27;[32mUser is on the OMR Branch hotel page&amp#27;[0m                                                                    &amp#27;[90m# com.omrbranch.stepdefinition.TC001_LoginStep.userIsOnTheOMRBranchHotelPage()&amp#27;[0m
]]></system-out>
  </testcase>
  <testcase name="User enters &quot;ash.naveen.kv@gmail.com&quot; and &quot;Naveen90!&quot;" classname="com.omrbranch.runner.TestRunner" time="0.001">
    <system-out><![CDATA[  &amp#27;[32mGiven &amp#27;[0m&amp#27;[32mUser is on the OMR Branch hotel page&amp#27;[0m                                                                    &amp#27;[90m# com.omrbranch.stepdefinition.TC001_LoginStep.userIsOnTheOMRBranchHotelPage()&amp#27;[0m
]]></system-out>
  </testcase>
  <testcase name="User enters &quot;ash.naveen.kv@gmail.com&quot; and &quot;Naveen90!&quot;" classname="com.omrbranch.runner.TestRunner" time="0.002">
    <system-out><![CDATA[  &amp#27;[32mGiven &amp#27;[0m&amp#27;[32mUser is on the OMR Branch hotel page&amp#27;[0m                                                                    &amp#27;[90m# com.omrbranch.stepdefinition.TC001_LoginStep.userIsOnTheOMRBranchHotelPage()&amp#27;[0m
]]></system-out>
  </testcase>
  <testcase name="User should verify success message after login &quot;Welcome Naveenraj&quot;" classname="com.omrbranch.runner.TestRunner" time="0.001">
    <system-out><![CDATA[  &amp#27;[32mWhen &amp#27;[0m&amp#27;[32mUser enters &amp#27;[0m&amp#27;[32m&amp#27;[1m"ash.naveen.kv@gmail.com"&amp#27;[0m&amp#27;[32m and &amp#27;[0m&amp#27;[32m&amp#27;[1m"Naveen90!"&amp#27;[0m              &amp#27;[90m# com.omrbranch.stepdefinition.TC001_LoginStep.userEntersAnd(java.lang.String,java.lang.String)&amp#27;[0m
]]></system-out>
  </testcase>
  <testcase name="User should verify success message after login &quot;Welcome Naveenraj&quot;" classname="com.omrbranch.runner.TestRunner" time="0.001">
    <system-out><![CDATA[  &amp#27;[32mWhen &amp#27;[0m&amp#27;[32mUser enters &amp#27;[0m&amp#27;[32m&amp#27;[1m"ash.naveen.kv@gmail.com"&amp#27;[0m&amp#27;[32m and &amp#27;[0m&amp#27;[32m&amp#27;[1m"Naveen90!"&amp#27;[0m&amp#27;[32m with enter key&amp#27;[0m        &amp#27;[90m# com.omrbranch.stepdefinition.TC001_LoginStep.userEntersAndWithEnterKey(java.lang.String,java.lang.String)&amp#27;[0m
]]></system-out>
  </testcase>
  <testcase name="User should verify success message after login &quot;Welcome Naveenraj&quot;" classname="com.omrbranch.runner.TestRunner" time="0.002">
    <system-out><![CDATA[  &amp#27;[32mWhen &amp#27;[0m&amp#27;[32mUser enters &amp#27;[0m&amp#27;[32m&amp#27;[1m"ash.naveen.kv@gmail.com"&amp#27;[0m&amp#27;[32m and &amp#27;[0m&amp#27;[32m&amp#27;[1m"Naveen90!"&amp#27;[0m                                                    &amp#27;[90m# com.omrbranch.stepdefinition.TC001_LoginStep.userEntersAnd(java.lang.String,java.lang.String)&amp#27;[0m
]]></system-out>
  </testcase>
  <testcase name="User should verify success message after login &quot;Welcome Naveenraj&quot;" classname="com.omrbranch.runner.TestRunner" time="0.002">
    <system-out><![CDATA[  &amp#27;[32mWhen &amp#27;[0m&amp#27;[32mUser enters &amp#27;[0m&amp#27;[32m&amp#27;[1m"ash.naveen.kv@gmail.com"&amp#27;[0m&amp#27;[32m and &amp#27;[0m&amp#27;[32m&amp#27;[1m"Naveen90!"&amp#27;[0m                                                    &amp#27;[90m# com.omrbranch.stepdefinition.TC001_LoginStep.userEntersAnd(java.lang.String,java.lang.String)&amp#27;[0m
]]></system-out>
  </testcase>
  <testcase name="User should verify success message after login &quot;Welcome Naveenraj&quot;" classname="com.omrbranch.runner.TestRunner" time="0.001">
    <system-out><![CDATA[  &amp#27;[32mWhen &amp#27;[0m&amp#27;[32mUser enters &amp#27;[0m&amp#27;[32m&amp#27;[1m"ash.naveen.kv@gmail.com"&amp#27;[0m&amp#27;[32m and &amp#27;[0m&amp#27;[32m&amp#27;[1m"Naveen90!"&amp#27;[0m                                                    &amp#27;[90m# com.omrbranch.stepdefinition.TC001_LoginStep.userEntersAnd(java.lang.String,java.lang.String)&amp#27;[0m
]]></system-out>
  </testcase>
  <testcase name="User enters &quot;ash.naveen.kv@gmail.com&quot; and &quot;Naveen90!&quot; with enter key" classname="com.omrbranch.runner.TestRunner" time="0.001">
    <system-out><![CDATA[  &amp#27;[32mGiven &amp#27;[0m&amp#27;[32mUser is on the OMR Branch hotel page&amp#27;[0m                                       &amp#27;[90m# com.omrbranch.stepdefinition.TC001_LoginStep.userIsOnTheOMRBranchHotelPage()&amp#27;[0m
]]></system-out>
  </testcase>
  <testcase name="User enters &quot;ash.naveen.kv@gmail.com&quot; and &quot;test90!&quot;" classname="com.omrbranch.runner.TestRunner" time="0.002">
    <system-out><![CDATA[  &amp#27;[32mGiven &amp#27;[0m&amp#27;[32mUser is on the OMR Branch hotel page&amp#27;[0m                                                                     &amp#27;[90m# com.omrbranch.stepdefinition.TC001_LoginStep.userIsOnTheOMRBranchHotelPage()&amp#27;[0m
]]></system-out>
  </testcase>
  <testcase name="User should verify error message after login &quot;Invalid Login details or Your Password might have expired.&quot;" classname="com.omrbranch.runner.TestRunner" time="0.001">
    <system-out><![CDATA[  &amp#27;[32mWhen &amp#27;[0m&amp#27;[32mUser enters &amp#27;[0m&amp#27;[32m&amp#27;[1m"ash.naveen.kv@gmail.com"&amp#27;[0m&amp#27;[32m and &amp#27;[0m&amp#27;[32m&amp#27;[1m"test90!"&amp#27;[0m                                                       &amp#27;[90m# com.omrbranch.stepdefinition.TC001_LoginStep.userEntersAnd(java.lang.String,java.lang.String)&amp#27;[0m
]]></system-out>
  </testcase>
  <testcase name="User search hotel &quot;Tamil Nadu&quot;, &quot;Chennai&quot;, &quot;Suite&quot;, &quot;29-09-2026&quot;, &quot;30-09-2026&quot;, &quot;1-One&quot;, &quot;2-Two&quot; and &quot;1&quot;" classname="com.omrbranch.runner.TestRunner" time="0.002">
    <system-out><![CDATA[  &amp#27;[32mThen &amp#27;[0m&amp#27;[32mUser should verify success message after login &amp#27;[0m&amp#27;[32m&amp#27;[1m"Welcome Naveenraj"&amp#27;[0m                                       &amp#27;[90m# com.omrbranch.stepdefinition.TC001_LoginStep.userShouldVerifySuccessMessageAfterLogin(java.lang.String)&amp#27;[0m
]]></system-out>
  </testcase>
  <testcase name="User search hotel &quot;Tamil Nadu&quot;, &quot;Chennai&quot;, &quot;Suite&quot;, &quot;29-09-2026&quot;, &quot;30-09-2026&quot;, &quot;1-One&quot;, &quot;2-Two&quot; and &quot;1&quot;" classname="com.omrbranch.runner.TestRunner" time="0.001">
    <system-out><![CDATA[  &amp#27;[32mThen &amp#27;[0m&amp#27;[32mUser should verify success message after login &amp#27;[0m&amp#27;[32m&amp#27;[1m"Welcome Naveenraj"&amp#27;[0m                                       &amp#27;[90m# com.omrbranch.stepdefinition.TC001_LoginStep.userShouldVerifySuccessMessageAfterLogin(java.lang.String)&amp#27;[0m
]]></system-out>
  </testcase>
  <testcase name="User search hotel &quot;Tamil Nadu&quot;, &quot;Chennai&quot;, &quot;Suite&quot;, &quot;29-09-2026&quot;, &quot;30-09-2026&quot;, &quot;1-One&quot;, &quot;2-Two&quot; and &quot;1&quot;" classname="com.omrbranch.runner.TestRunner" time="0.001">
    <system-out><![CDATA[  &amp#27;[32mThen &amp#27;[0m&amp#27;[32mUser should verify success message after login &amp#27;[0m&amp#27;[32m&amp#27;[1m"Welcome Naveenraj"&amp#27;[0m                                       &amp#27;[90m# com.omrbranch.stepdefinition.TC001_LoginStep.userShouldVerifySuccessMessageAfterLogin(java.lang.String)&amp#27;[0m
]]></system-out>
  </testcase>
  <testcase name="User should validate after search hotel success message &quot;Select Hotel&quot;" classname="com.omrbranch.runner.TestRunner" time="0.002">
    <system-out><![CDATA[  &amp#27;[32mWhen &amp#27;[0m&amp#27;[32mUser search hotel &amp#27;[0m&amp#27;[32m&amp#27;[1m"Tamil Nadu"&amp#27;[0m&amp#27;[32m, &amp#27;[0m&amp#27;[32m&amp#27;[1m"Chennai"&amp#27;[0m&amp#27;[32m, &amp#27;[0m&amp#27;[32m&amp#27;[1m"Suite"&amp#27;[0m&amp#27;[32m, &amp#27;[0m&amp#27;[32m&amp#27;[1m"29-09-2026"&amp#27;[0m&amp#27;[32m, &amp#27;[0m&amp#27;[32m&amp#27;[1m"30-09-2026"&amp#27;[0m&amp#27;[32m, &amp#27;[0m&amp#27;[32m&amp#27;[1m"1-One"&amp#27;[0m&amp#27;[32m, &amp#27;[0m&amp#27;[32m&amp#27;[1m"2-Two"&amp#27;[0m&amp#27;[32m and &amp#27;[0m&amp#27;[32m&amp#27;[1m"1"&amp#27;[0m &amp#27;[90m# com.omrbranch.stepdefinition.TC002_ExploreHotelStep.userSearchHotelAnd(java.lang.String,java.lang.String,java.lang.String,java.lang.String,java.lang.String,java.lang.String,java.lang.String,java.lang.String)&amp#27;[0m
]]></system-out>
  </testcase>
  <testcase name="User should validate after search hotel success message &quot;Select Hotel&quot;" classname="com.omrbranch.runner.TestRunner" time="0.001">
    <system-out><![CDATA[  &amp#27;[32mWhen &amp#27;[0m&amp#27;[32mUser search hotel &amp#27;[0m&amp#27;[32m&amp#27;[1m"Tamil Nadu"&amp#27;[0m&amp#27;[32m, &amp#27;[0m&amp#27;[32m&amp#27;[1m"Chennai"&amp#27;[0m&amp#27;[32m, &amp#27;[0m&amp#27;[32m&amp#27;[1m"Suite"&amp#27;[0m&amp#27;[32m, &amp#27;[0m&amp#27;[32m&amp#27;[1m"29-09-2026"&amp#27;[0m&amp#27;[32m, &amp#27;[0m&amp#27;[32m&amp#27;[1m"30-09-2026"&amp#27;[0m&amp#27;[32m, &amp#27;[0m&amp#27;[32m&amp#27;[1m"1-One"&amp#27;[0m&amp#27;[32m, &amp#27;[0m&amp#27;[32m&amp#27;[1m"2-Two"&amp#27;[0m&amp#27;[32m and &amp#27;[0m&amp#27;[32m&amp#27;[1m"1"&amp#27;[0m &amp#27;[90m# com.omrbranch.stepdefinition.TC002_ExploreHotelStep.userSearchHotelAnd(java.lang.String,java.lang.String,java.lang.String,java.lang.String,java.lang.String,java.lang.String,java.lang.String,java.lang.String)&amp#27;[0m
]]></system-out>
  </testcase>
  <testcase name="User should validate after search hotel success message &quot;Select Hotel&quot;" classname="com.omrbranch.runner.TestRunner" time="0.002">
    <system-out><![CDATA[  &amp#27;[32mWhen &amp#27;[0m&amp#27;[32mUser search hotel &amp#27;[0m&amp#27;[32m&amp#27;[1m"Tamil Nadu"&amp#27;[0m&amp#27;[32m, &amp#27;[0m&amp#27;[32m&amp#27;[1m"Chennai"&amp#27;[0m&amp#27;[32m, &amp#27;[0m&amp#27;[32m&amp#27;[1m"Suite"&amp#27;[0m&amp#27;[32m, &amp#27;[0m&amp#27;[32m&amp#27;[1m"29-09-2026"&amp#27;[0m&amp#27;[32m, &amp#27;[0m&amp#27;[32m&amp#27;[1m"30-09-2026"&amp#27;[0m&amp#27;[32m, &amp#27;[0m&amp#27;[32m&amp#27;[1m"1-One"&amp#27;[0m&amp#27;[32m, &amp#27;[0m&amp#27;[32m&amp#27;[1m"2-Two"&amp#27;[0m&amp#27;[32m and &amp#27;[0m&amp#27;[32m&amp#27;[1m"1"&amp#27;[0m &amp#27;[90m# com.omrbranch.stepdefinition.TC002_ExploreHotelStep.userSearchHotelAnd(java.lang.String,java.lang.String,java.lang.String,java.lang.String,java.lang.String,java.lang.String,java.lang.String,java.lang.String)&amp#27;[0m
]]></system-out>
  </testcase>
  <testcase name="User should validate after search hotel success message &quot;Select Hotel&quot;" classname="com.omrbranch.runner.TestRunner" time="0.001">
    <system-out><![CDATA[  &amp#27;[32mAnd &amp#27;[0m&amp#27;[32mUser select the second hotel and dismiss the alert&amp#27;[0m                                                        &amp#27;[90m# com.omrbranch.stepdefinition.TC003_SelectHotelStep.userSelectTheSecondHotelAndDismissTheAlert()&amp#27;[0m
]]></system-out>
  </testcase>
  <testcase name="User save the last hotel name and hotel price" classname="com.omrbranch.runner.TestRunner" time="0.002">
    <system-out><![CDATA[  &amp#27;[32mThen &amp#27;[0m&amp#27;[32mUser should validate after search hotel success message &amp#27;[0m&amp#27;[32m&amp#27;[1m"Select Hotel"&amp#27;[0m                                   &amp#27;[90m# com.omrbranch.stepdefinition.TC004_BookHotelStep.userShouldValidateAfterSearchHotelSuccessMessage(java.lang.String)&amp#27;[0m
]]></system-out>
  </testcase>
  <testcase name="User select the last hotel and accept the alert" classname="com.omrbranch.runner.TestRunner" time="0.002">
    <system-out><![CDATA[  &amp#27;[32mWhen &amp#27;[0m&amp#27;[32mUser save the last hotel name and hotel price&amp#27;[0m                                                            &amp#27;[90m# com.omrbranch.stepdefinition.TC003_SelectHotelStep.userSaveTheLastHotelNameAndHotelPrice()&amp#27;[0m
]]></system-out>
  </testcase>
  <testcase name="User should verify after select success message &quot;Book Hotel&quot;" classname="com.omrbranch.runner.TestRunner" time="0.002">
    <system-out><![CDATA[  &amp#27;[32mAnd &amp#27;[0m&amp#27;[32mUser select the last hotel and accept the alert&amp#27;[0m                                                           &amp#27;[90m# com.omrbranch.stepdefinition.TC003_SelectHotelStep.userSelectTheLastHotelAndAcceptTheAlert()&amp#27;[0m
]]></system-out>
  </testcase>
  <testcase name="User should verify after select success message &quot;Book Hotel&quot;" classname="com.omrbranch.runner.TestRunner" time="0.001">
    <system-out><![CDATA[  &amp#27;[32mAnd &amp#27;[0m&amp#27;[32mUser select the second from last hotel and accept the alert&amp#27;[0m                                               &amp#27;[90m# com.omrbranch.stepdefinition.TC003_SelectHotelStep.userSelectTheSecondFromLastHotelAndAcceptTheAlert()&amp#27;[0m
]]></system-out>
  </testcase>
  <testcase name="User save the second from last hotel name and hotel price" classname="com.omrbranch.runner.TestRunner" time="0.001">
    <system-out><![CDATA[  &amp#27;[32mThen &amp#27;[0m&amp#27;[32mUser should validate after search hotel success message &amp#27;[0m&amp#27;[32m&amp#27;[1m"Select Hotel"&amp#27;[0m                                   &amp#27;[90m# com.omrbranch.stepdefinition.TC004_BookHotelStep.userShouldValidateAfterSearchHotelSuccessMessage(java.lang.String)&amp#27;[0m
]]></system-out>
  </testcase>
  <testcase name="User select the second from last hotel and accept the alert" classname="com.omrbranch.runner.TestRunner" time="0.001">
    <system-out><![CDATA[  &amp#27;[32mWhen &amp#27;[0m&amp#27;[32mUser save the second from last hotel name and hotel price&amp#27;[0m                                                &amp#27;[90m# com.omrbranch.stepdefinition.TC003_SelectHotelStep.userSaveTheSecondFromLastHotelNameAndHotelPrice()&amp#27;[0m
]]></system-out>
  </testcase>
  <testcase name="User save the second hotel name and hotel price" classname="com.omrbranch.runner.TestRunner" time="0.001">
    <system-out><![CDATA[  &amp#27;[32mThen &amp#27;[0m&amp#27;[32mUser should validate after search hotel success message &amp#27;[0m&amp#27;[32m&amp#27;[1m"Select Hotel"&amp#27;[0m                                   &amp#27;[90m# com.omrbranch.stepdefinition.TC004_BookHotelStep.userShouldValidateAfterSearchHotelSuccessMessage(java.lang.String)&amp#27;[0m
]]></system-out>
  </testcase>
  <testcase name="User select the second hotel and dismiss the alert" classname="com.omrbranch.runner.TestRunner" time="0.002">
    <system-out><![CDATA[  &amp#27;[32mWhen &amp#27;[0m&amp#27;[32mUser save the second hotel name and hotel price&amp#27;[0m                                                          &amp#27;[90m# com.omrbranch.stepdefinition.TC003_SelectHotelStep.userSaveTheSecondHotelNameAndHotelPrice()&amp#27;[0m
]]></system-out>
  </testcase>
</testsuite>