<?xml version="1.0" encoding="UTF-8"?>
<testsuite xmlns:xsi="http://www.w3.org/2001/XMLSchema-instance" xsi:noNamespaceSchemaLocation="https://maven.apache.org/surefire/maven-surefire-plugin/xsd/surefire-test-report.xsd" version="3.0.2" name="com.omrbranch.runner.TestRunner" time="36.908" tests="6" errors="0" skipped="0" failures="0" flakes="1">
  <properties>
[...]
</properties>
  <testcase name="User is on the OMR Branch hotel page" classname="com.omrbranch.runner.TestRunner" time="0.004">
    <system-out><![CDATA[
@Jenkin
Scenario Outline: Verify search hotels with all fields                                                          &amp#27;[90m# src/test/resources/features/TC002_Explorehotel.feature:18&amp#27;[0m

    Embedding Before Step Screenshot [image/png 886328 bytes]

]]></system-out>
    <system-err><![CDATA[Aug 13, 2026 2:57:04 PM org.openqa.selenium.devtools.CdpVersionFinder findNearestMatch
WARNING: Unable to find an exact match for CDP version 151, returning the closest version; found: 147; Please update to a Selenium version that supports CDP version 151
]]></system-err>
  </testcase>
  <testcase name="User enters &quot;ash.naveen.kv@gmail.com&quot; and &quot;Naveen90!&quot;" classname="com.omrbranch.runner.TestRunner" time="0.424">
    <system-out><![CDATA[  &amp#27;[32mGiven &amp#27;[0m&amp#27;[32mUser is on the OMR Branch hotel page&amp#27;[0m                                                                    &amp#27;[90m# com.omrbranch.stepdefinition.TC001_LoginStep.userIsOnTheOMRBranchHotelPage()&amp#27;[0m

    Embedding After Step Screenshot [image/png 886328 bytes]


    Embedding Before Step Screenshot [image/png 886328 bytes]

]]></system-out>
  </testcase>
  <testcase name="User should verify success message after login &quot;Welcome Naveenraj&quot;" classname="com.omrbranch.runner.TestRunner" time="3.174">
    <system-out><![CDATA[  &amp#27;[32mWhen &amp#27;[0m&amp#27;[32mUser enters &amp#27;[0m&amp#27;[32m&amp#27;[1m"ash.naveen.kv@gmail.com"&amp#27;[0m&amp#27;[32m and &amp#27;[0m&amp#27;[32m&amp#27;[1m"Naveen90!"&amp#27;[0m                                                    &amp#27;[90m# com.omrbranch.stepdefinition.TC001_LoginStep.userEntersAnd(java.lang.String,java.lang.String)&amp#27;[0m

    Embedding After Step Screenshot [image/png 886660 bytes]


    Embedding Before Step Screenshot [image/png 901231 bytes]

]]></system-out>
  </testcase>
  <testcase name="User search hotel &quot;Tamil Nadu&quot;, &quot;Chennai&quot;, &quot;Suite&quot;, &quot;28-09-2026&quot;, &quot;29-09-2026&quot;, &quot;1-One&quot;, &quot;2-Two&quot; and &quot;1&quot;" classname="com.omrbranch.runner.TestRunner" time="3.792">
    <system-out><![CDATA[  &amp#27;[32mThen &amp#27;[0m&amp#27;[32mUser should verify success message after login &amp#27;[0m&amp#27;[32m&amp#27;[1m"Welcome Naveenraj"&amp#27;[0m                                       &amp#27;[90m# com.omrbranch.stepdefinition.TC001_LoginStep.userShouldVerifySuccessMessageAfterLogin(java.lang.String)&amp#27;[0m

    Embedding After Step Screenshot [image/png 113208 bytes]


    Embedding Before Step Screenshot [image/png 113208 bytes]

]]></system-out>
  </testcase>
  <testcase name="User should validate after search hotel success message &quot;Select Hotel&quot;" classname="com.omrbranch.runner.TestRunner" time="0.025">
    <system-out><![CDATA[  &amp#27;[32mWhen &amp#27;[0m&amp#27;[32mUser search hotel &amp#27;[0m&amp#27;[32m&amp#27;[1m"Tamil Nadu"&amp#27;[0m&amp#27;[32m, &amp#27;[0m&amp#27;[32m&amp#27;[1m"Chennai"&amp#27;[0m&amp#27;[32m, &amp#27;[0m&amp#27;[32m&amp#27;[1m"Suite"&amp#27;[0m&amp#27;[32m, &amp#27;[0m&amp#27;[32m&amp#27;[1m"28-09-2026"&amp#27;[0m&amp#27;[32m, &amp#27;[0m&amp#27;[32m&amp#27;[1m"29-09-2026"&amp#27;[0m&amp#27;[32m, &amp#27;[0m&amp#27;[32m&amp#27;[1m"1-One"&amp#27;[0m&amp#27;[32m, &amp#27;[0m&amp#27;[32m&amp#27;[1m"2-Two"&amp#27;[0m&amp#27;[32m and &amp#27;[0m&amp#27;[32m&amp#27;[1m"1"&amp#27;[0m &amp#27;[90m# com.omrbranch.stepdefinition.TC002_ExploreHotelStep.userSearchHotelAnd(java.lang.String,java.lang.String,java.lang.String,java.lang.String,java.lang.String,java.lang.String,java.lang.String,java.lang.String)&amp#27;[0m

    Embedding After Step Screenshot [image/png 143312 bytes]


    Embedding Before Step Screenshot [image/png 143312 bytes]

Select Hotel
]]></system-out>
  </testcase>
  <testcase name="initializationError" classname="com.omrbranch.runner.TestRunner" time="36.908">
    <error message="java.net.ConnectException: Connection timed out: connect" type="java.lang.IllegalStateException"><![CDATA[java.lang.IllegalStateException: java.net.ConnectException: Connection timed out: connect
	at io.cucumber.core.plugin.MessageFormatter.write(MessageFormatter.java:37)
	at io.cucumber.core.eventbus.AbstractEventPublisher.send(AbstractEventPublisher.java:51)
	at io.cucumber.core.eventbus.AbstractEventBus.send(AbstractEventBus.java:12)
	at io.cucumber.core.runtime.SynchronizedEventBus.send(SynchronizedEventBus.java:47)
	at io.cucumber.core.runtime.CucumberExecutionContext.emitTestRunFinished(CucumberExecutionContext.java:124)
	at io.cucumber.core.runtime.CucumberExecutionContext.finishTestRun(CucumberExecutionContext.java:104)
	at io.cucumber.core.runtime.CucumberExecutionContext.runFeatures(CucumberExecutionContext.java:152)
	at io.cucumber.junit.Cucumber$StartAndFinishTestRun.evaluate(Cucumber.java:229)
Caused by: java.net.ConnectException: Connection timed out: connect
	at java.base/java.lang.reflect.Constructor.newInstanceWithCaller(Constructor.java:502)
	at java.base/java.lang.reflect.Constructor.newInstance(Constructor.java:486)
	at java.base/sun.net.www.protocol.http.HttpURLConnection$10.run(HttpURLConnection.java:2085)
	at java.base/sun.net.www.protocol.http.HttpURLConnection$10.run(HttpURLConnection.java:2080)
	at java.base/java.security.AccessController.doPrivileged(AccessController.java:571)
	at java.base/sun.net.www.protocol.http.HttpURLConnection.getChainedException(HttpURLConnection.java:2079)
	at java.base/sun.net.www.protocol.http.HttpURLConnection.getInputStream0(HttpURLConnection.java:1649)
	at java.base/sun.net.www.protocol.http.HttpURLConnection.getInputStream(HttpURLConnection.java:1629)
	at java.base/java.net.HttpURLConnection.getResponseCode(HttpURLConnection.java:531)
	at java.base/sun.net.www.protocol.https.HttpsURLConnectionImpl.getResponseCode(HttpsURLConnectionImpl.java:307)
	at io.cucumber.core.plugin.UrlOutputStream.getResponseBody(UrlOutputStream.java:125)
	at io.cucumber.core.plugin.UrlOutputStream.sendRequest(UrlOutputStream.java:87)
	at io.cucumber.core.plugin.UrlOutputStream.close(UrlOutputStream.java:65)
	at java.base/sun.nio.cs.StreamEncoder.implClose(StreamEncoder.java:435)
	at java.base/sun.nio.cs.StreamEncoder.lockedClose(StreamEncoder.java:237)
	at java.base/sun.nio.cs.StreamEncoder.close(StreamEncoder.java:222)
	at java.base/java.io.OutputStreamWriter.close(OutputStreamWriter.java:266)
	at io.cucumber.messages.MessageToNdjsonWriter.close(MessageToNdjsonWriter.java:40)
	at io.cucumber.core.plugin.MessageFormatter.write(MessageFormatter.java:35)
	... 7 more
Caused by: java.net.ConnectException: Connection timed out: connect
	at java.base/sun.nio.ch.Net.connect0(Native Method)
	at java.base/sun.nio.ch.Net.connect(Net.java:601)
	at java.base/sun.nio.ch.Net.connect(Net.java:590)
	at java.base/sun.nio.ch.NioSocketImpl.connect(NioSocketImpl.java:583)
	at java.base/java.net.SocksSocketImpl.connect(SocksSocketImpl.java:327)
	at java.base/java.net.Socket.connect(Socket.java:751)
	at java.base/sun.security.ssl.SSLSocketImpl.connect(SSLSocketImpl.java:304)
	at java.base/sun.security.ssl.BaseSSLSocketImpl.connect(BaseSSLSocketImpl.java:181)
	at java.base/sun.net.NetworkClient.doConnect(NetworkClient.java:183)
	at java.base/sun.net.www.http.HttpClient.openServer(HttpClient.java:531)
	at java.base/sun.net.www.http.HttpClient.openServer(HttpClient.java:636)
	at java.base/sun.net.www.protocol.https.HttpsClient.<init>(HttpsClient.java:264)
	at java.base/sun.net.www.protocol.https.HttpsClient.New(HttpsClient.java:377)
	at java.base/sun.net.www.protocol.https.AbstractDelegateHttpsURLConnection.getNewHttpClient(AbstractDelegateHttpsURLConnection.java:193)
	at java.base/sun.net.www.protocol.http.HttpURLConnection.plainConnect0(HttpURLConnection.java:1302)
	at java.base/sun.net.www.protocol.http.HttpURLConnection.plainConnect(HttpURLConnection.java:1143)
	at java.base/sun.net.www.protocol.https.AbstractDelegateHttpsURLConnection.connect(AbstractDelegateHttpsURLConnection.java:179)
	at java.base/sun.net.www.protocol.http.HttpURLConnection.getInputStream0(HttpURLConnection.java:1705)
	at java.base/sun.net.www.protocol.http.HttpURLConnection.getInputStream(HttpURLConnection.java:1629)
	at java.base/sun.net.www.protocol.http.HttpURLConnection.getHeaderFields(HttpURLConnection.java:3288)
	at java.base/sun.net.www.protocol.https.HttpsURLConnectionImpl.getHeaderFields(HttpsURLConnectionImpl.java:252)
	at io.cucumber.core.plugin.UrlOutputStream.getResponseBody(UrlOutputStream.java:124)
	... 15 more
]]></error>
    <system-out><![CDATA[  &amp#27;[32mThen &amp#27;[0m&amp#27;[32mUser should validate after search hotel success message &amp#27;[0m&amp#27;[32m&amp#27;[1m"Select Hotel"&amp#27;[0m                                   &amp#27;[90m# com.omrbranch.stepdefinition.TC004_BookHotelStep.userShouldValidateAfterSearchHotelSuccessMessage(java.lang.String)&amp#27;[0m

    Embedding After Step Screenshot [image/png 143312 bytes]

]]></system-out>
    <system-err><![CDATA[SLF4J(W): No SLF4J providers were found.
SLF4J(W): Defaulting to no-operation (NOP) logger implementation
SLF4J(W): See https://www.slf4j.org/codes.html#noProviders for further details.
]]></system-err>
  </testcase>
</testsuite>